<?xml version="1.0" encoding="UTF-8"?>
<!-- Generated by org.testng.reporters.JUnitReportReporter -->
<testsuite hostname="LAPTOP-KI9HM9P0" failures="0" tests="1" name="executeClass.ExecuteDashboardPage" time="3.428" errors="0" timestamp="17 May 2022 04:24:29 GMT" skipped="0">
  <testcase classname="executeClass.ExecuteDashboardPage" name="verifyTheLogut" time="3.428"/>
</testsuite> <!-- executeClass.ExecuteDashboardPage -->
