<?xml version="1.0" encoding="UTF-8"?>
<!-- Generated by org.testng.reporters.JUnitReportReporter -->
<testsuite hostname="LAPTOP-KI9HM9P0" failures="0" tests="1" name="executeClass.ExecuteAdminUserPage" time="3.445" errors="0" timestamp="16 May 2022 08:16:07 GMT" skipped="0">
  <testcase classname="executeClass.ExecuteAdminUserPage" name="isActiveButtonEnable" time="3.445"/>
</testsuite> <!-- executeClass.ExecuteAdminUserPage -->
