<?xml version="1.0" encoding="UTF-8"?>
<!-- Generated by org.testng.reporters.JUnitReportReporter -->
<testsuite hostname="LAPTOP-KI9HM9P0" failures="0" tests="8" name="executeClass.ExecuteManageOfferCodePage" time="20.309" errors="0" timestamp="24 May 2022 03:45:29 GMT" skipped="0">
  <testcase classname="executeClass.ExecuteManageOfferCodePage" name="verifyTheMoreInfoIsClickableOrNotInManageOfferCode" time="2.576"/>
  <testcase classname="executeClass.ExecuteManageOfferCodePage" name="verifyTheMoreInfoIsClickableOrNotInManageOfferCode" time="2.501"/>
  <testcase classname="executeClass.ExecuteManageOfferCodePage" name="isNewButtonEnable" time="2.514"/>
  <testcase classname="executeClass.ExecuteManageOfferCodePage" name="isNewButtonEnable" time="2.450"/>
  <testcase classname="executeClass.ExecuteManageOfferCodePage" name="isSearchButtonEnable" time="2.471"/>
  <testcase classname="executeClass.ExecuteManageOfferCodePage" name="isSearchButtonEnable" time="2.566"/>
  <testcase classname="executeClass.ExecuteManageOfferCodePage" name="VerifyTheManageProductToHomePage" time="2.689"/>
  <testcase classname="executeClass.ExecuteManageOfferCodePage" name="VerifyTheManageProductToHomePage" time="2.542"/>
</testsuite> <!-- executeClass.ExecuteManageOfferCodePage -->
