<?xml version="1.0" encoding="UTF-8"?>
<!-- Generated by org.testng.reporters.JUnitReportReporter -->
<testsuite hostname="LAPTOP-KI9HM9P0" failures="0" tests="12" name="executeClass.ExecuteCategoryPage" time="72.068" errors="0" timestamp="19 May 2022 13:03:34 GMT" skipped="0">
  <testcase classname="executeClass.ExecuteCategoryPage" name="verifyTheMoreInfoIsClickableOrNotInCategoryPageList" time="7.076"/>
  <testcase classname="executeClass.ExecuteCategoryPage" name="verifyTheMoreInfoIsClickableOrNotInCategoryPageList" time="3.937"/>
  <testcase classname="executeClass.ExecuteCategoryPage" name="isNewButtonEnable" time="8.147"/>
  <testcase classname="executeClass.ExecuteCategoryPage" name="isNewButtonEnable" time="5.342"/>
  <testcase classname="executeClass.ExecuteCategoryPage" name="isSearchButtonEnable" time="4.081"/>
  <testcase classname="executeClass.ExecuteCategoryPage" name="isSearchButtonEnable" time="6.899"/>
  <testcase classname="executeClass.ExecuteCategoryPage" name="isSearchFunctionalityWorkingFineOrNot" time="7.499"/>
  <testcase classname="executeClass.ExecuteCategoryPage" name="isSearchFunctionalityWorkingFineOrNot" time="4.962"/>
  <testcase classname="executeClass.ExecuteCategoryPage" name="isSearchValueActiveEnable" time="6.178"/>
  <testcase classname="executeClass.ExecuteCategoryPage" name="isSearchValueActiveEnable" time="5.552"/>
  <testcase classname="executeClass.ExecuteCategoryPage" name="verifyTheCategoryToHomePage" time="6.411"/>
  <testcase classname="executeClass.ExecuteCategoryPage" name="verifyTheCategoryToHomePage" time="5.984"/>
</testsuite> <!-- executeClass.ExecuteCategoryPage -->
