<?xml version="1.0" encoding="UTF-8"?>
<!-- Generated by org.testng.reporters.JUnitReportReporter -->
<testsuite hostname="LAPTOP-KI9HM9P0" failures="0" tests="10" name="executeClass.ExecuteMangePage" time="38.558" errors="0" timestamp="24 May 2022 03:45:29 GMT" skipped="0">
  <testcase classname="executeClass.ExecuteMangePage" name="verifyTheMoreInfoIsClickableOrNotInManagePageList" time="2.600"/>
  <testcase classname="executeClass.ExecuteMangePage" name="verifyTheMoreInfoIsClickableOrNotInManagePageList" time="2.555"/>
  <testcase classname="executeClass.ExecuteMangePage" name="isNewButtonDisplayed" time="2.422"/>
  <testcase classname="executeClass.ExecuteMangePage" name="isNewButtonDisplayed" time="2.695"/>
  <testcase classname="executeClass.ExecuteMangePage" name="isSearchFunctionalityWorkingFineOrNot" time="2.834"/>
  <testcase classname="executeClass.ExecuteMangePage" name="isSearchFunctionalityWorkingFineOrNot" time="2.688"/>
  <testcase classname="executeClass.ExecuteMangePage" name="isafterUpdateAlertMessage" time="8.665"/>
  <testcase classname="executeClass.ExecuteMangePage" name="isafterUpdateAlertMessage" time="8.286"/>
  <testcase classname="executeClass.ExecuteMangePage" name="verifyTheMangePageToHomePage" time="2.783"/>
  <testcase classname="executeClass.ExecuteMangePage" name="verifyTheMangePageToHomePage" time="3.030"/>
</testsuite> <!-- executeClass.ExecuteMangePage -->
