<?xml version="1.0" encoding="UTF-8"?>
<!-- Generated by org.testng.reporters.JUnitReportReporter -->
<testsuite hostname="LAPTOP-KI9HM9P0" failures="0" tests="8" name="executeClass.ExecuteLoginPage" time="39.365" errors="0" timestamp="19 May 2022 13:03:34 GMT" skipped="0">
  <testcase classname="executeClass.ExecuteLoginPage" name="verifyThecheckBox" time="4.249"/>
  <testcase classname="executeClass.ExecuteLoginPage" name="verifyThecheckBox" time="3.565"/>
  <testcase classname="executeClass.ExecuteLoginPage" name="verifyTheSuccessfulLogin" time="5.596"/>
  <testcase classname="executeClass.ExecuteLoginPage" name="verifyTheSuccessfulLogin" time="5.427"/>
  <testcase classname="executeClass.ExecuteLoginPage" name="verifyTheInvalidUserNameAndInvalidPassword" time="6.854"/>
  <testcase classname="executeClass.ExecuteLoginPage" name="verifyTheInvalidUserNameAndInvalidPassword" time="3.258"/>
  <testcase classname="executeClass.ExecuteLoginPage" name="verifyTheValidUserNameAndInvalidPassword" time="4.007"/>
  <testcase classname="executeClass.ExecuteLoginPage" name="verifyTheValidUserNameAndInvalidPassword" time="6.409"/>
</testsuite> <!-- executeClass.ExecuteLoginPage -->
