<?xml version="1.0" encoding="UTF-8"?>
<!-- Generated by org.testng.reporters.JUnitReportReporter -->
<testsuite hostname="LAPTOP-KI9HM9P0" failures="0" tests="1" name="executeClass.ExecuteCategoryPage" time="4.028" errors="0" timestamp="17 May 2022 03:29:59 GMT" skipped="0">
  <testcase classname="executeClass.ExecuteCategoryPage" name="verifyTheCategoryToHomePage" time="4.028"/>
</testsuite> <!-- executeClass.ExecuteCategoryPage -->
