<?xml version="1.0" encoding="UTF-8"?>
<!-- Generated by org.testng.reporters.JUnitReportReporter -->
<testsuite hostname="LAPTOP-KI9HM9P0" failures="0" tests="8" name="executeClass.ExecuteAdminUserPage" time="21.945" errors="0" timestamp="24 May 2022 03:45:29 GMT" skipped="0">
  <testcase classname="executeClass.ExecuteAdminUserPage" name="isNewButtonDisplayed" time="2.351"/>
  <testcase classname="executeClass.ExecuteAdminUserPage" name="isNewButtonDisplayed" time="2.883"/>
  <testcase classname="executeClass.ExecuteAdminUserPage" name="verifyAddTheNewAdminUser" time="3.140"/>
  <testcase classname="executeClass.ExecuteAdminUserPage" name="verifyAddTheNewAdminUser" time="3.327"/>
  <testcase classname="executeClass.ExecuteAdminUserPage" name="isSearchButtonEnable" time="2.508"/>
  <testcase classname="executeClass.ExecuteAdminUserPage" name="isSearchButtonEnable" time="2.507"/>
  <testcase classname="executeClass.ExecuteAdminUserPage" name="isActiveButtonEnable" time="2.693"/>
  <testcase classname="executeClass.ExecuteAdminUserPage" name="isActiveButtonEnable" time="2.536"/>
</testsuite> <!-- executeClass.ExecuteAdminUserPage -->
