<?xml version="1.0" encoding="UTF-8"?>
<!-- Generated by org.testng.reporters.JUnitReportReporter -->
<testsuite hostname="LAPTOP-KI9HM9P0" failures="0" tests="1" name="executeClass.ExecuteMangePage" time="4.920" errors="0" timestamp="16 May 2022 23:22:59 GMT" skipped="0">
  <testcase classname="executeClass.ExecuteMangePage" name="verifyTheMangePageToHomePage" time="4.920"/>
</testsuite> <!-- executeClass.ExecuteMangePage -->
