<?xml version="1.0" encoding="UTF-8"?>
<!-- Generated by org.testng.reporters.JUnitReportReporter -->
<testsuite hostname="LAPTOP-KI9HM9P0" failures="0" tests="1" name="executeClass.ExecuteAdminPage" time="3.648" errors="0" timestamp="13 May 2022 01:50:18 GMT" skipped="0">
  <testcase classname="executeClass.ExecuteAdminPage" name="isAdminPageDisplayed" time="3.648"/>
</testsuite> <!-- executeClass.ExecuteAdminPage -->
