<?xml version="1.0" encoding="UTF-8"?>
<!-- Generated by org.testng.reporters.JUnitReportReporter -->
<testsuite hostname="LAPTOP-KI9HM9P0" failures="0" tests="12" name="executeClass.ExecuteCategoryPage" time="32.007" errors="0" timestamp="24 May 2022 03:45:29 GMT" skipped="0">
  <testcase classname="executeClass.ExecuteCategoryPage" name="verifyTheMoreInfoIsClickableOrNotInCategoryPageList" time="2.791"/>
  <testcase classname="executeClass.ExecuteCategoryPage" name="verifyTheMoreInfoIsClickableOrNotInCategoryPageList" time="2.595"/>
  <testcase classname="executeClass.ExecuteCategoryPage" name="isNewButtonEnable" time="2.479"/>
  <testcase classname="executeClass.ExecuteCategoryPage" name="isNewButtonEnable" time="2.702"/>
  <testcase classname="executeClass.ExecuteCategoryPage" name="isSearchButtonEnable" time="2.518"/>
  <testcase classname="executeClass.ExecuteCategoryPage" name="isSearchButtonEnable" time="2.624"/>
  <testcase classname="executeClass.ExecuteCategoryPage" name="isSearchFunctionalityWorkingFineOrNot" time="2.680"/>
  <testcase classname="executeClass.ExecuteCategoryPage" name="isSearchFunctionalityWorkingFineOrNot" time="2.763"/>
  <testcase classname="executeClass.ExecuteCategoryPage" name="isSearchValueActiveEnable" time="2.797"/>
  <testcase classname="executeClass.ExecuteCategoryPage" name="isSearchValueActiveEnable" time="2.330"/>
  <testcase classname="executeClass.ExecuteCategoryPage" name="verifyTheCategoryToHomePage" time="2.898"/>
  <testcase classname="executeClass.ExecuteCategoryPage" name="verifyTheCategoryToHomePage" time="2.830"/>
</testsuite> <!-- executeClass.ExecuteCategoryPage -->
