<?xml version="1.0" encoding="UTF-8"?>
<!-- Generated by org.testng.reporters.JUnitReportReporter -->
<testsuite hostname="LAPTOP-KI9HM9P0" failures="0" tests="8" name="executeClass.ExecuteManageOfferCodePage" time="53.239" errors="0" timestamp="19 May 2022 13:03:34 GMT" skipped="0">
  <testcase classname="executeClass.ExecuteManageOfferCodePage" name="verifyTheMoreInfoIsClickableOrNotInManageOfferCode" time="4.481"/>
  <testcase classname="executeClass.ExecuteManageOfferCodePage" name="verifyTheMoreInfoIsClickableOrNotInManageOfferCode" time="7.831"/>
  <testcase classname="executeClass.ExecuteManageOfferCodePage" name="isNewButtonEnable" time="8.915"/>
  <testcase classname="executeClass.ExecuteManageOfferCodePage" name="isNewButtonEnable" time="6.428"/>
  <testcase classname="executeClass.ExecuteManageOfferCodePage" name="isSearchButtonEnable" time="5.870"/>
  <testcase classname="executeClass.ExecuteManageOfferCodePage" name="isSearchButtonEnable" time="4.491"/>
  <testcase classname="executeClass.ExecuteManageOfferCodePage" name="VerifyTheManageProductToHomePage" time="7.072"/>
  <testcase classname="executeClass.ExecuteManageOfferCodePage" name="VerifyTheManageProductToHomePage" time="8.151"/>
</testsuite> <!-- executeClass.ExecuteManageOfferCodePage -->
