<?xml version="1.0" encoding="UTF-8"?>
<!-- Generated by org.testng.reporters.JUnitReportReporter -->
<testsuite hostname="LAPTOP-KI9HM9P0" failures="0" tests="8" name="executeClass.ExecuteAdminUserPage" time="55.385" errors="0" timestamp="19 May 2022 13:03:34 GMT" skipped="0">
  <testcase classname="executeClass.ExecuteAdminUserPage" name="isNewButtonDisplayed" time="5.160"/>
  <testcase classname="executeClass.ExecuteAdminUserPage" name="isNewButtonDisplayed" time="8.766"/>
  <testcase classname="executeClass.ExecuteAdminUserPage" name="verifyAddTheNewAdminUser" time="6.701"/>
  <testcase classname="executeClass.ExecuteAdminUserPage" name="verifyAddTheNewAdminUser" time="10.177"/>
  <testcase classname="executeClass.ExecuteAdminUserPage" name="isSearchButtonEnable" time="7.120"/>
  <testcase classname="executeClass.ExecuteAdminUserPage" name="isSearchButtonEnable" time="6.624"/>
  <testcase classname="executeClass.ExecuteAdminUserPage" name="isActiveButtonEnable" time="3.621"/>
  <testcase classname="executeClass.ExecuteAdminUserPage" name="isActiveButtonEnable" time="7.216"/>
</testsuite> <!-- executeClass.ExecuteAdminUserPage -->
