<?xml version="1.0" encoding="UTF-8"?>
<!-- Generated by org.testng.reporters.JUnitReportReporter -->
<testsuite hostname="LAPTOP-KI9HM9P0" failures="0" tests="8" name="executeClass.ExecuteAdminUserPage" time="26.941" errors="0" timestamp="18 May 2022 10:50:04 GMT" skipped="0">
  <testcase classname="executeClass.ExecuteAdminUserPage" name="isNewButtonDisplayed" time="2.968"/>
  <testcase classname="executeClass.ExecuteAdminUserPage" name="isNewButtonDisplayed" time="3.154"/>
  <testcase classname="executeClass.ExecuteAdminUserPage" name="verifyAddTheNewAdminUser" time="4.055"/>
  <testcase classname="executeClass.ExecuteAdminUserPage" name="verifyAddTheNewAdminUser" time="3.991"/>
  <testcase classname="executeClass.ExecuteAdminUserPage" name="isSearchButtonEnable" time="3.017"/>
  <testcase classname="executeClass.ExecuteAdminUserPage" name="isSearchButtonEnable" time="2.999"/>
  <testcase classname="executeClass.ExecuteAdminUserPage" name="isActiveButtonEnable" time="3.268"/>
  <testcase classname="executeClass.ExecuteAdminUserPage" name="isActiveButtonEnable" time="3.489"/>
</testsuite> <!-- executeClass.ExecuteAdminUserPage -->
