<?xml version="1.0" encoding="UTF-8"?>
<!-- Generated by org.testng.reporters.JUnitReportReporter -->
<testsuite hostname="LAPTOP-KI9HM9P0" failures="0" tests="4" name="executeClass.ExecuteDashboardPage" time="18.246" errors="0" timestamp="19 May 2022 13:03:34 GMT" skipped="0">
  <testcase classname="executeClass.ExecuteDashboardPage" name="isDashboardPageDisplayed" time="5.461"/>
  <testcase classname="executeClass.ExecuteDashboardPage" name="isDashboardPageDisplayed" time="2.385"/>
  <testcase classname="executeClass.ExecuteDashboardPage" name="verifyTheLogut" time="4.528"/>
  <testcase classname="executeClass.ExecuteDashboardPage" name="verifyTheLogut" time="5.872"/>
</testsuite> <!-- executeClass.ExecuteDashboardPage -->
