<?xml version="1.0" encoding="UTF-8"?>
<!-- Generated by org.testng.reporters.JUnitReportReporter -->
<testsuite hostname="LAPTOP-KI9HM9P0" failures="0" tests="4" name="executeClass.ExecuteDashboardPage" time="9.699" errors="0" timestamp="24 May 2022 03:45:29 GMT" skipped="0">
  <testcase classname="executeClass.ExecuteDashboardPage" name="isDashboardPageDisplayed" time="2.319"/>
  <testcase classname="executeClass.ExecuteDashboardPage" name="isDashboardPageDisplayed" time="2.241"/>
  <testcase classname="executeClass.ExecuteDashboardPage" name="verifyTheLogut" time="2.664"/>
  <testcase classname="executeClass.ExecuteDashboardPage" name="verifyTheLogut" time="2.475"/>
</testsuite> <!-- executeClass.ExecuteDashboardPage -->
